0 info it worked if it ends with ok
1 verbose cli [ '/usr/local/bin/node',
1 verbose cli   '/usr/local/bin/npm',
1 verbose cli   'install',
1 verbose cli   '--global',
1 verbose cli   'vue-cli' ]
2 info using npm@2.14.20
3 info using node@v4.4.0
4 verbose install initial load of /usr/local/lib/package.json
5 verbose readDependencies loading dependencies from /usr/local/lib/package.json
6 silly cache add args [ 'vue-cli', null ]
7 verbose cache add spec vue-cli
8 silly cache add parsed spec Result {
8 silly cache add   raw: 'vue-cli',
8 silly cache add   scope: null,
8 silly cache add   name: 'vue-cli',
8 silly cache add   rawSpec: '',
8 silly cache add   spec: 'latest',
8 silly cache add   type: 'tag' }
9 silly addNamed vue-cli@latest
10 verbose addNamed "latest" is being treated as a dist-tag for vue-cli
11 info addNameTag [ 'vue-cli', 'latest' ]
12 silly mapToRegistry name vue-cli
13 silly mapToRegistry using default registry
14 silly mapToRegistry registry https://registry.npmjs.org/
15 silly mapToRegistry uri https://registry.npmjs.org/vue-cli
16 verbose addNameTag registry:https://registry.npmjs.org/vue-cli not in flight; fetching
17 verbose request uri https://registry.npmjs.org/vue-cli
18 verbose request no auth needed
19 info attempt registry request try #1 at 8:20:00 PM
20 verbose request id 75580c93c994018d
21 http request GET https://registry.npmjs.org/vue-cli
22 http 200 https://registry.npmjs.org/vue-cli
23 verbose headers { server: 'nginx/1.10.1',
23 verbose headers   'content-type': 'application/json',
23 verbose headers   'last-modified': 'Sat, 19 Nov 2016 18:56:24 GMT',
23 verbose headers   etag: 'W/"5830a058-ae6b"',
23 verbose headers   'content-encoding': 'gzip',
23 verbose headers   'cache-control': 'max-age=300',
23 verbose headers   'content-length': '6716',
23 verbose headers   'accept-ranges': 'bytes',
23 verbose headers   date: 'Tue, 29 Nov 2016 18:20:01 GMT',
23 verbose headers   via: '1.1 varnish',
23 verbose headers   age: '0',
23 verbose headers   connection: 'keep-alive',
23 verbose headers   'x-served-by': 'cache-ams4420-AMS',
23 verbose headers   'x-cache': 'HIT',
23 verbose headers   'x-cache-hits': '1',
23 verbose headers   'x-timer': 'S1480443601.026275,VS0,VE13',
23 verbose headers   vary: 'Accept-Encoding' }
24 silly get cb [ 200,
24 silly get   { server: 'nginx/1.10.1',
24 silly get     'content-type': 'application/json',
24 silly get     'last-modified': 'Sat, 19 Nov 2016 18:56:24 GMT',
24 silly get     etag: 'W/"5830a058-ae6b"',
24 silly get     'content-encoding': 'gzip',
24 silly get     'cache-control': 'max-age=300',
24 silly get     'content-length': '6716',
24 silly get     'accept-ranges': 'bytes',
24 silly get     date: 'Tue, 29 Nov 2016 18:20:01 GMT',
24 silly get     via: '1.1 varnish',
24 silly get     age: '0',
24 silly get     connection: 'keep-alive',
24 silly get     'x-served-by': 'cache-ams4420-AMS',
24 silly get     'x-cache': 'HIT',
24 silly get     'x-cache-hits': '1',
24 silly get     'x-timer': 'S1480443601.026275,VS0,VE13',
24 silly get     vary: 'Accept-Encoding' } ]
25 verbose get saving vue-cli to /Users/evansmu/.npm/registry.npmjs.org/vue-cli/.cache.json
26 verbose correctMkdir /Users/evansmu/.npm correctMkdir not in flight; initializing
27 silly addNameTag next cb for vue-cli with tag latest
28 silly addNamed vue-cli@2.5.1
29 verbose addNamed "2.5.1" is a plain semver version for vue-cli
30 silly mapToRegistry name vue-cli
31 silly mapToRegistry using default registry
32 silly mapToRegistry registry https://registry.npmjs.org/
33 silly mapToRegistry uri https://registry.npmjs.org/vue-cli
34 verbose addRemoteTarball https://registry.npmjs.org/vue-cli/-/vue-cli-2.5.1.tgz not in flight; adding
35 verbose addRemoteTarball [ 'https://registry.npmjs.org/vue-cli/-/vue-cli-2.5.1.tgz',
35 verbose addRemoteTarball   'def85f5cc42fa14f460a526111c10d98d889bdb9' ]
36 info retry fetch attempt 1 at 8:20:01 PM
37 info attempt registry request try #1 at 8:20:01 PM
38 http fetch GET https://registry.npmjs.org/vue-cli/-/vue-cli-2.5.1.tgz
39 http fetch 200 https://registry.npmjs.org/vue-cli/-/vue-cli-2.5.1.tgz
40 silly fetchAndShaCheck shasum def85f5cc42fa14f460a526111c10d98d889bdb9
41 verbose addTmpTarball /var/folders/14/ql38dbtd3qj24mfzxptch_5h0002lb/T/npm-50917-438c6e8a/registry.npmjs.org/vue-cli/-/vue-cli-2.5.1.tgz not in flight; adding
42 verbose addTmpTarball already have metadata; skipping unpack for vue-cli@2.5.1
43 verbose correctMkdir /Users/evansmu/.npm correctMkdir not in flight; initializing
44 silly cache afterAdd vue-cli@2.5.1
45 verbose afterAdd /Users/evansmu/.npm/vue-cli/2.5.1/package/package.json not in flight; writing
46 verbose correctMkdir /Users/evansmu/.npm correctMkdir not in flight; initializing
47 verbose afterAdd /Users/evansmu/.npm/vue-cli/2.5.1/package/package.json written
48 silly install resolved [ { name: 'vue-cli',
48 silly install resolved     version: '2.5.1',
48 silly install resolved     description: 'A simple CLI for scaffolding Vue.js projects.',
48 silly install resolved     preferGlobal: true,
48 silly install resolved     bin:
48 silly install resolved      { vue: 'bin/vue',
48 silly install resolved        'vue-init': 'bin/vue-init',
48 silly install resolved        'vue-list': 'bin/vue-list' },
48 silly install resolved     repository: { type: 'git', url: 'git+https://github.com/vuejs/vue-cli.git' },
48 silly install resolved     keywords: [ 'vue', 'cli', 'spa' ],
48 silly install resolved     author: { name: 'Evan You' },
48 silly install resolved     license: 'MIT',
48 silly install resolved     bugs: { url: 'https://github.com/vuejs/vue-cli/issues' },
48 silly install resolved     homepage: 'https://github.com/vuejs/vue-cli#readme',
48 silly install resolved     main: 'lib/index.js',
48 silly install resolved     scripts:
48 silly install resolved      { test: 'npm run lint && npm run e2e',
48 silly install resolved        lint: 'eslint test/e2e/test.js lib bin/* --env mocha',
48 silly install resolved        e2e: 'rimraf test/e2e/mock-template-build/*.* && cross-env BABEL_ENV=development mocha test/e2e/test.js --slow 1000 --compilers js:babel-core/register' },
48 silly install resolved     dependencies:
48 silly install resolved      { async: '^2.0.0-rc.2',
48 silly install resolved        chalk: '^1.1.1',
48 silly install resolved        commander: '^2.9.0',
48 silly install resolved        consolidate: '^0.14.0',
48 silly install resolved        'download-git-repo': '^0.2.1',
48 silly install resolved        handlebars: '^4.0.5',
48 silly install resolved        inquirer: '^0.12.0',
48 silly install resolved        metalsmith: '^2.1.0',
48 silly install resolved        minimatch: '^3.0.0',
48 silly install resolved        ora: '^0.2.1',
48 silly install resolved        'read-metadata': '^1.0.0',
48 silly install resolved        request: '^2.67.0',
48 silly install resolved        rimraf: '^2.5.0',
48 silly install resolved        semver: '^5.1.0',
48 silly install resolved        uid: '0.0.2',
48 silly install resolved        'validate-npm-package-name': '^2.2.2' },
48 silly install resolved     devDependencies:
48 silly install resolved      { 'babel-core': '^6.7.4',
48 silly install resolved        'babel-preset-es2015': '^6.6.0',
48 silly install resolved        'babel-preset-stage-2': '^6.5.0',
48 silly install resolved        chai: '^3.5.0',
48 silly install resolved        'cross-env': '^1.0.7',
48 silly install resolved        eslint: '^2.7.0',
48 silly install resolved        'eslint-config-standard': '^5.1.0',
48 silly install resolved        'eslint-plugin-promise': '^1.1.0',
48 silly install resolved        'eslint-plugin-standard': '^1.3.2',
48 silly install resolved        mocha: '^2.4.5' },
48 silly install resolved     engines: { node: '>=4.0.0' },
48 silly install resolved     gitHead: 'f9b9913d30f2ea7c516b2f076682356b439cefab',
48 silly install resolved     _id: 'vue-cli@2.5.1',
48 silly install resolved     _shasum: 'def85f5cc42fa14f460a526111c10d98d889bdb9',
48 silly install resolved     _from: 'vue-cli@latest',
48 silly install resolved     _npmVersion: '3.10.8',
48 silly install resolved     _nodeVersion: '6.9.1',
48 silly install resolved     _npmUser: { name: 'yyx990803', email: 'yyx990803@gmail.com' },
48 silly install resolved     dist:
48 silly install resolved      { shasum: 'def85f5cc42fa14f460a526111c10d98d889bdb9',
48 silly install resolved        tarball: 'https://registry.npmjs.org/vue-cli/-/vue-cli-2.5.1.tgz' },
48 silly install resolved     maintainers: [ [Object] ],
48 silly install resolved     _npmOperationalInternal:
48 silly install resolved      { host: 'packages-18-east.internal.npmjs.com',
48 silly install resolved        tmp: 'tmp/vue-cli-2.5.1.tgz_1479265900792_0.9477179450914264' },
48 silly install resolved     directories: {},
48 silly install resolved     _resolved: 'https://registry.npmjs.org/vue-cli/-/vue-cli-2.5.1.tgz' } ]
49 info install vue-cli@2.5.1 into /usr/local/lib
50 info installOne vue-cli@2.5.1
51 verbose installOne of vue-cli to /usr/local/lib not in flight; installing
52 verbose correctMkdir /Users/evansmu/.npm/_locks correctMkdir not in flight; initializing
53 verbose lock using /Users/evansmu/.npm/_locks/vue-cli-baa7602660f62cb8.lock for /usr/local/lib/node_modules/vue-cli
54 silly install write writing vue-cli 2.5.1 to /usr/local/lib/node_modules/vue-cli
55 verbose unbuild lib/node_modules/vue-cli
56 silly gentlyRm /usr/local/lib/node_modules/vue-cli is being purged from base /usr/local
57 verbose gentlyRm don't care about contents; nuking /usr/local/lib/node_modules/vue-cli
58 verbose tar unpack /Users/evansmu/.npm/vue-cli/2.5.1/package.tgz
59 verbose tar unpacking to /usr/local/lib/node_modules/vue-cli
60 silly gentlyRm /usr/local/lib/node_modules/vue-cli is being purged
61 verbose gentlyRm don't care about contents; nuking /usr/local/lib/node_modules/vue-cli
62 silly gunzTarPerm modes [ '755', '644' ]
63 error tar.unpack untar error /Users/evansmu/.npm/vue-cli/2.5.1/package.tgz
64 verbose unlock done using /Users/evansmu/.npm/_locks/vue-cli-baa7602660f62cb8.lock for /usr/local/lib/node_modules/vue-cli
65 verbose fstream_path /usr/local/lib/node_modules/vue-cli
66 verbose fstream_type Directory
67 verbose fstream_class DirWriter
68 verbose stack Error: EACCES: permission denied, mkdir '/usr/local/lib/node_modules/vue-cli'
68 verbose stack     at Error (native)
69 verbose fstream_stack /usr/local/lib/node_modules/npm/node_modules/fstream/lib/dir-writer.js:35:25
69 verbose fstream_stack /usr/local/lib/node_modules/npm/node_modules/mkdirp/index.js:47:53
69 verbose fstream_stack FSReqWrap.oncomplete (fs.js:82:15)
70 verbose cwd /Users/evansmu/sites/real-time-analytics
71 error Darwin 13.4.0
72 error argv "/usr/local/bin/node" "/usr/local/bin/npm" "install" "--global" "vue-cli"
73 error node v4.4.0
74 error npm  v2.14.20
75 error path /usr/local/lib/node_modules/vue-cli
76 error code EACCES
77 error errno -13
78 error syscall mkdir
79 error Error: EACCES: permission denied, mkdir '/usr/local/lib/node_modules/vue-cli'
79 error     at Error (native)
79 error  { [Error: EACCES: permission denied, mkdir '/usr/local/lib/node_modules/vue-cli']
79 error   errno: -13,
79 error   code: 'EACCES',
79 error   syscall: 'mkdir',
79 error   path: '/usr/local/lib/node_modules/vue-cli',
79 error   fstream_type: 'Directory',
79 error   fstream_path: '/usr/local/lib/node_modules/vue-cli',
79 error   fstream_class: 'DirWriter',
79 error   fstream_stack:
79 error    [ '/usr/local/lib/node_modules/npm/node_modules/fstream/lib/dir-writer.js:35:25',
79 error      '/usr/local/lib/node_modules/npm/node_modules/mkdirp/index.js:47:53',
79 error      'FSReqWrap.oncomplete (fs.js:82:15)' ] }
80 error Please try running this command again as root/Administrator.
81 verbose exit [ -13, true ]
82 verbose unbuild lib/node_modules/vue-cli
83 silly gentlyRm /usr/local/lib/node_modules/vue-cli is being purged from base /usr/local
84 verbose gentlyRm don't care about contents; nuking /usr/local/lib/node_modules/vue-cli
